2024-05-20 18:24:45,480 INFO [org.springframework.boot.StartupInfoLogger] Starting GridDominionApplication using Java 21.0.3 with PID 84952 (C:\Projekt\grid-dominion\backend\bin\main started by szy25 in C:\Projekt\grid-dominion)
2024-05-20 18:24:45,484 INFO [org.springframework.boot.SpringApplication] No active profile set, falling back to 1 default profile: "default"
2024-05-20 18:24:46,485 INFO [org.springframework.data.repository.config.RepositoryConfigurationDelegate] Multiple Spring Data modules found, entering strict repository configuration mode
2024-05-20 18:24:46,487 INFO [org.springframework.data.repository.config.RepositoryConfigurationDelegate] Bootstrapping Spring Data JDBC repositories in DEFAULT mode.
2024-05-20 18:24:46,533 INFO [org.springframework.data.repository.config.RepositoryConfigurationExtensionSupport] Spring Data JDBC - Could not safely identify store assignment for repository candidate interface com.example.griddominion.repositories.SessionRepository; If you want this repository to be a JDBC repository, consider annotating your entities with one of these annotations: org.springframework.data.relational.core.mapping.Table.
2024-05-20 18:24:46,538 INFO [org.springframework.data.repository.config.RepositoryConfigurationExtensionSupport] Spring Data JDBC - Could not safely identify store assignment for repository candidate interface com.example.griddominion.repositories.UserRepository; If you want this repository to be a JDBC repository, consider annotating your entities with one of these annotations: org.springframework.data.relational.core.mapping.Table.
2024-05-20 18:24:46,539 INFO [org.springframework.data.repository.config.RepositoryConfigurationDelegate] Finished Spring Data repository scanning in 43 ms. Found 0 JDBC repository interfaces.
2024-05-20 18:24:46,559 INFO [org.springframework.data.repository.config.RepositoryConfigurationDelegate] Multiple Spring Data modules found, entering strict repository configuration mode
2024-05-20 18:24:46,561 INFO [org.springframework.data.repository.config.RepositoryConfigurationDelegate] Bootstrapping Spring Data JPA repositories in DEFAULT mode.
2024-05-20 18:24:46,595 INFO [org.springframework.data.repository.config.RepositoryConfigurationDelegate] Finished Spring Data repository scanning in 30 ms. Found 2 JPA repository interfaces.
2024-05-20 18:24:47,418 INFO [org.springframework.boot.web.embedded.tomcat.TomcatWebServer] Tomcat initialized with port 4444 (http)
2024-05-20 18:24:47,429 INFO [org.apache.juli.logging.DirectJDKLog] Initializing ProtocolHandler ["http-nio-4444"]
2024-05-20 18:24:47,433 INFO [org.apache.juli.logging.DirectJDKLog] Starting service [Tomcat]
2024-05-20 18:24:47,434 INFO [org.apache.juli.logging.DirectJDKLog] Starting Servlet engine: [Apache Tomcat/10.1.20]
2024-05-20 18:24:47,510 INFO [org.apache.juli.logging.DirectJDKLog] Initializing Spring embedded WebApplicationContext
2024-05-20 18:24:47,511 INFO [org.springframework.boot.web.servlet.context.ServletWebServerApplicationContext] Root WebApplicationContext: initialization completed in 1962 ms
2024-05-20 18:24:47,905 INFO [org.hibernate.jpa.internal.util.LogHelper] HHH000204: Processing PersistenceUnitInfo [name: default]
2024-05-20 18:24:47,993 INFO [org.hibernate.Version] HHH000412: Hibernate ORM core version 6.4.4.Final
2024-05-20 18:24:48,050 INFO [org.hibernate.cache.internal.RegionFactoryInitiator] HHH000026: Second-level cache disabled
2024-05-20 18:24:48,282 INFO [org.springframework.orm.jpa.persistenceunit.SpringPersistenceUnitInfo] No LoadTimeWeaver setup: ignoring JPA class transformer
2024-05-20 18:24:48,318 INFO [com.zaxxer.hikari.HikariDataSource] HikariPool-1 - Starting...
2024-05-20 18:24:49,550 INFO [com.zaxxer.hikari.pool.HikariPool] HikariPool-1 - Added connection org.postgresql.jdbc.PgConnection@62108cd3
2024-05-20 18:24:49,552 INFO [com.zaxxer.hikari.HikariDataSource] HikariPool-1 - Start completed.
2024-05-20 18:24:49,612 WARN [org.hibernate.engine.jdbc.dialect.internal.DialectFactoryImpl] HHH90000025: PostgreSQLDialect does not need to be specified explicitly using 'hibernate.dialect' (remove the property setting and it will be selected by default)
2024-05-20 18:24:50,372 INFO [org.hibernate.engine.transaction.jta.platform.internal.JtaPlatformInitiator] HHH000489: No JTA platform available (set 'hibernate.transaction.jta.platform' to enable JTA platform integration)
2024-05-20 18:24:50,707 INFO [org.springframework.orm.jpa.AbstractEntityManagerFactoryBean] Initialized JPA EntityManagerFactory for persistence unit 'default'
2024-05-20 18:24:50,989 INFO [org.springframework.data.jpa.repository.query.QueryEnhancerFactory] JSqlParser is in classpath; If applicable, JSqlParser will be used
2024-05-20 18:24:50,990 INFO [org.springframework.data.jpa.repository.query.QueryEnhancerFactory] Hibernate is in classpath; If applicable, HQL parser will be used.
2024-05-20 18:24:51,239 WARN [org.springframework.boot.autoconfigure.orm.jpa.JpaBaseConfiguration$JpaWebConfiguration] spring.jpa.open-in-view is enabled by default. Therefore, database queries may be performed during view rendering. Explicitly configure spring.jpa.open-in-view to disable this warning
2024-05-20 18:24:52,199 INFO [org.apache.juli.logging.DirectJDKLog] Starting ProtocolHandler ["http-nio-4444"]
2024-05-20 18:24:52,232 INFO [org.springframework.boot.web.embedded.tomcat.TomcatWebServer] Tomcat started on port 4444 (http) with context path ''
2024-05-20 18:24:52,243 INFO [org.springframework.boot.StartupInfoLogger] Started GridDominionApplication in 7.153 seconds (process running for 7.732)
2024-05-20 18:25:16,976 INFO [org.springframework.orm.jpa.AbstractEntityManagerFactoryBean] Closing JPA EntityManagerFactory for persistence unit 'default'
2024-05-20 18:25:16,979 INFO [com.zaxxer.hikari.HikariDataSource] HikariPool-1 - Shutdown initiated...
2024-05-20 18:25:17,255 INFO [com.zaxxer.hikari.HikariDataSource] HikariPool-1 - Shutdown completed.
